14:22:49 22/06/2022 | QRCODE read with NAME=1, VAL=2
14:23:03 22/06/2022 | QRCODE read with NAME=sus, VAL=among us
14:23:22 22/06/2022 | Image save in D:\Projet\Projets Python\Générateur de  QR code V2\QRCODE\Mathieu.png
14:27:58 22/06/2022 | The application crashed with the following error: STOP
14:28:13 22/06/2022 | Image save in 'D:\Projet\Projets Python\Générateur de  QR code V2\QRCODE\bite.png'
14:28:28 22/06/2022 | QRCODE read with NAME=bite, VAL=ziz
14:28:36 22/06/2022 | Clear dir
14:28:45 22/06/2022 | The application crashed with the following error: STOP
14:30:46 22/06/2022 | Clear dir
14:33:35 22/06/2022 | Image save in 'D:\Projet\Projets Python\Générateur de  QR code V2\QRCODE\First.png'
14:33:44 22/06/2022 | QRCODE read with NAME=First, VAL=https://youtube.com
14:34:55 22/06/2022 | QRCODE read with NAME=First, VAL=https://youtube.com
14:35:53 22/06/2022 | QRCODE read with NAME=First, VAL=https://youtube.com
07:37:22 23/06/2022 | Image save in 'D:\Projet\Projets Python\Générateur de  QR code V2\QRCODE\a.png'
07:37:30 23/06/2022 | QRCODE read with NAME=a, VAL=https://youtube.com
17:48:12 23/06/2022 | Image save in 'D:\Projet\Projets Python\Générateur de  QR code V2\QRCODE\Ian.png'
17:48:20 23/06/2022 | QRCODE read with NAME=Ian, VAL=https://youtu.be/nnyHegZmXDc
20:52:41 29/06/2022 | Image save in 'D:\Projet\Projets Python\Générateur de  QR code V2\V.1\QRCODE\mami.png'
20:52:52 29/06/2022 | QRCODE read with NAME=mami, VAL=https://youtube.com
16:45:15 04/07/2022 | Image save in 'D:\Projet\Projets Python\Générateur de  QR code V2\V.1\QRCODE\test.png'
